#
# A fatal error has been detected by the Java Runtime Environment:
#
#  Internal Error (javaClasses.cpp:129), pid=7444, tid=7664
#  fatal error: Invalid layout of preloaded class
#
# JRE version: 7.0_13-b20
# Java VM: Java HotSpot(TM) 64-Bit Server VM (23.7-b01 mixed mode windows-amd64 compressed oops)
# Failed to write core dump. Minidumps are not enabled by default on client versions of Windows
#
# If you would like to submit a bug report, please visit:
#   http://bugreport.sun.com/bugreport/crash.jsp
#

---------------  T H R E A D  ---------------

Current thread (0x00000000000ad000):  JavaThread "Unknown thread" [_thread_in_vm, id=7664, stack(0x00000000023c0000,0x00000000024c0000)]

Stack: [0x00000000023c0000,0x00000000024c0000]

---------------  P R O C E S S  ---------------

Java Threads: ( => current thread )

Other Threads:

=>0x00000000000ad000 (exited) JavaThread "Unknown thread" [_thread_in_vm, id=7664, stack(0x00000000023c0000,0x00000000024c0000)]

VM state:not at safepoint (not fully initialized)

VM Mutex/Monitor currently owned by a thread: None

GC Heap History (0 events):
No events

Deoptimization events (0 events):
No events

Internal exceptions (0 events):
No events

Events (10 events):
Event: 0.036 loading class 0x0000000002190390 done
Event: 0.037 loading class 0x00000000021527d0 done
Event: 0.037 loading class 0x00000000021527a0
Event: 0.037 loading class 0x0000000002199220
Event: 0.037 loading class 0x0000000002199220 done
Event: 0.037 loading class 0x0000000002199260
Event: 0.037 loading class 0x0000000002199260 done
Event: 0.037 loading class 0x000000000b24e840
Event: 0.037 loading class 0x000000000b24e840 done
Event: 0.038 loading class 0x00000000021527a0 done


Dynamic libraries:
0x000000013fb40000 - 0x000000013fb73000 	C:\Program Files\Java\jdk1.7.0_13\bin\javaw.exe
0x0000000077aa0000 - 0x0000000077c49000 	C:\Windows\SYSTEM32\ntdll.dll
0x0000000077880000 - 0x000000007799f000 	C:\Windows\system32\kernel32.dll
0x000007fefdb40000 - 0x000007fefdbab000 	C:\Windows\system32\KERNELBASE.dll
0x000007fefe5e0000 - 0x000007fefe6bb000 	C:\Windows\system32\ADVAPI32.dll
0x000007fefebe0000 - 0x000007fefec7f000 	C:\Windows\system32\msvcrt.dll
0x000007feffa10000 - 0x000007feffa2f000 	C:\Windows\SYSTEM32\sechost.dll
0x000007fefe820000 - 0x000007fefe94d000 	C:\Windows\system32\RPCRT4.dll
0x00000000779a0000 - 0x0000000077a9a000 	C:\Windows\system32\USER32.dll
0x000007fefe7a0000 - 0x000007fefe807000 	C:\Windows\system32\GDI32.dll
0x000007fefdcb0000 - 0x000007fefdcbe000 	C:\Windows\system32\LPK.dll
0x000007fefe210000 - 0x000007fefe2d9000 	C:\Windows\system32\USP10.dll
0x000007fefc2d0000 - 0x000007fefc4c4000 	C:\Windows\WinSxS\amd64_microsoft.windows.common-controls_6595b64144ccf1df_6.0.7601.17514_none_fa396087175ac9ac\COMCTL32.dll
0x000007fefe560000 - 0x000007fefe5d1000 	C:\Windows\system32\SHLWAPI.dll
0x000007feffa30000 - 0x000007feffa5e000 	C:\Windows\system32\IMM32.DLL
0x000007fefdd90000 - 0x000007fefde99000 	C:\Windows\system32\MSCTF.dll
0x00000000685e0000 - 0x00000000686b1000 	C:\Program Files\Java\jdk1.7.0_13\jre\bin\msvcr100.dll
0x00000000556c0000 - 0x0000000055ddf000 	C:\Program Files\Java\jdk1.7.0_13\jre\bin\server\jvm.dll
0x000007fef6fa0000 - 0x000007fef6fa9000 	C:\Windows\system32\WSOCK32.dll
0x000007fefdcc0000 - 0x000007fefdd0d000 	C:\Windows\system32\WS2_32.dll
0x000007fefe810000 - 0x000007fefe818000 	C:\Windows\system32\NSI.dll
0x000007fefb6b0000 - 0x000007fefb6eb000 	C:\Windows\system32\WINMM.dll
0x0000000077c70000 - 0x0000000077c77000 	C:\Windows\system32\PSAPI.DLL
0x0000000057610000 - 0x000000005761f000 	C:\Program Files\Java\jdk1.7.0_13\jre\bin\verify.dll
0x00000000575e0000 - 0x0000000057608000 	C:\Program Files\Java\jdk1.7.0_13\jre\bin\java.dll
0x00000000575c0000 - 0x00000000575d5000 	C:\Program Files\Java\jdk1.7.0_13\jre\bin\zip.dll

VM Arguments:
jvm_args: -Dfile.encoding=UTF-8 -Xbootclasspath:D:\java\20140411\adt-bundle-windows-x86_64-20140321\sdk\platforms\android-19\android.jar 
java_command: com.example.rmqchatfanout.MainPlain
Launcher Type: SUN_STANDARD

Environment Variables:
JAVA_HOME=C:\Program Files\Java\jdk1.7.0_13
PATH=C:/Program Files/Java/jdk1.7.0_13/bin/../jre/bin/server;C:/Program Files/Java/jdk1.7.0_13/bin/../jre/bin;C:/Program Files/Java/jdk1.7.0_13/bin/../jre/lib/amd64;D:\GRADLE\gradle-1.11\bin;D:\MAVEN\apache-maven-3.2.1\bin;C:\Program Files (x86)\EasyPHP-DevServer-13.1VC11\binaries\php\php_runningversion;C:\Program Files (x86)\Wizvera\Delfino;C:\Program Files\Common Files\Microsoft Shared\Windows Live;C:\Program Files (x86)\Common Files\Microsoft Shared\Windows Live;C:\Windows\system32;C:\Windows;C:\Windows\System32\Wbem;C:\Windows\System32\WindowsPowerShell\v1.0\;C:\Program Files\Trend Micro\AMSP;C:\Program Files (x86)\Windows Live\Shared;C:\Program Files\Java\jdk1.7.0_13\bin;C:\Program Files (x86)\SecureCRT\;C:\Program Files\nodejs\;D:\HuchcodeDocument\Study\StudyProject\dex2jar-0.0.9.15;C:\Program Files (x86)\Git\cmd;C:\Program Files (x86)\Git\bin;D:\java\20140411\adt-bundle-windows-x86_64-20140321\eclipse;
USERNAME=Brian
OS=Windows_NT
PROCESSOR_IDENTIFIER=Intel64 Family 6 Model 42 Stepping 7, GenuineIntel



---------------  S Y S T E M  ---------------

OS: Windows 7 , 64 bit Build 7601 Service Pack 1

CPU:total 4 (2 cores per cpu, 2 threads per core) family 6 model 42 stepping 7, cmov, cx8, fxsr, mmx, sse, sse2, sse3, ssse3, sse4.1, sse4.2, popcnt, avx, ht, tsc, tscinvbit

Memory: 4k page, physical 8160400k(3574460k free), swap 16318940k(10501604k free)

vm_info: Java HotSpot(TM) 64-Bit Server VM (23.7-b01) for windows-amd64 JRE (1.7.0_13-b20), built on Jan 30 2013 10:10:00 by "java_re" with unknown MS VC++:1600

time: Thu May 15 00:00:02 2014
elapsed time: 0 seconds

